INFO 2023-03-18 23:49:00,047 autoreload 11712 4796 Watching for file changes with StatReloader
DEBUG 2023-03-18 23:49:00,180 utils 11712 11848 (0.015) 
            SELECT
                c.relname,
                CASE
                    WHEN c.relispartition THEN 'p'
                    WHEN c.relkind IN ('m', 'v') THEN 'v'
                    ELSE 't'
                END
            FROM pg_catalog.pg_class c
            LEFT JOIN pg_catalog.pg_namespace n ON n.oid = c.relnamespace
            WHERE c.relkind IN ('f', 'm', 'p', 'r', 'v')
                AND n.nspname NOT IN ('pg_catalog', 'pg_toast')
                AND pg_catalog.pg_table_is_visible(c.oid)
        ; args=None; alias=default
DEBUG 2023-03-18 23:49:00,180 utils 11712 11848 (0.015) 
            SELECT
                c.relname,
                CASE
                    WHEN c.relispartition THEN 'p'
                    WHEN c.relkind IN ('m', 'v') THEN 'v'
                    ELSE 't'
                END
            FROM pg_catalog.pg_class c
            LEFT JOIN pg_catalog.pg_namespace n ON n.oid = c.relnamespace
            WHERE c.relkind IN ('f', 'm', 'p', 'r', 'v')
                AND n.nspname NOT IN ('pg_catalog', 'pg_toast')
                AND pg_catalog.pg_table_is_visible(c.oid)
        ; args=None; alias=default
DEBUG 2023-03-18 23:49:00,182 utils 11712 11848 (0.000) SELECT "django_migrations"."id", "django_migrations"."app", "django_migrations"."name", "django_migrations"."applied" FROM "django_migrations"; args=(); alias=default
DEBUG 2023-03-18 23:49:00,182 utils 11712 11848 (0.000) SELECT "django_migrations"."id", "django_migrations"."app", "django_migrations"."name", "django_migrations"."applied" FROM "django_migrations"; args=(); alias=default
DEBUG 2023-03-18 23:49:11,606 utils 11712 5268 (0.000) SELECT "django_session"."session_key", "django_session"."session_data", "django_session"."expire_date" FROM "django_session" WHERE ("django_session"."expire_date" > '2023-03-18T20:49:11.584677+00:00'::timestamptz AND "django_session"."session_key" = 'qof6ddbt6ntlalcymm7y6d08snult836') LIMIT 21; args=(datetime.datetime(2023, 3, 18, 20, 49, 11, 584677, tzinfo=datetime.timezone.utc), 'qof6ddbt6ntlalcymm7y6d08snult836'); alias=default
DEBUG 2023-03-18 23:49:11,606 utils 11712 5268 (0.000) SELECT "django_session"."session_key", "django_session"."session_data", "django_session"."expire_date" FROM "django_session" WHERE ("django_session"."expire_date" > '2023-03-18T20:49:11.584677+00:00'::timestamptz AND "django_session"."session_key" = 'qof6ddbt6ntlalcymm7y6d08snult836') LIMIT 21; args=(datetime.datetime(2023, 3, 18, 20, 49, 11, 584677, tzinfo=datetime.timezone.utc), 'qof6ddbt6ntlalcymm7y6d08snult836'); alias=default
DEBUG 2023-03-18 23:49:11,608 utils 11712 5268 (0.000) SELECT "auth_user"."id", "auth_user"."password", "auth_user"."last_login", "auth_user"."is_superuser", "auth_user"."username", "auth_user"."first_name", "auth_user"."last_name", "auth_user"."email", "auth_user"."is_staff", "auth_user"."is_active", "auth_user"."date_joined" FROM "auth_user" WHERE "auth_user"."id" = 2 LIMIT 21; args=(2,); alias=default
DEBUG 2023-03-18 23:49:11,608 utils 11712 5268 (0.000) SELECT "auth_user"."id", "auth_user"."password", "auth_user"."last_login", "auth_user"."is_superuser", "auth_user"."username", "auth_user"."first_name", "auth_user"."last_name", "auth_user"."email", "auth_user"."is_staff", "auth_user"."is_active", "auth_user"."date_joined" FROM "auth_user" WHERE "auth_user"."id" = 2 LIMIT 21; args=(2,); alias=default
ERROR 2023-03-18 23:49:11,620 log 11712 5268 Internal Server Error: /
Traceback (most recent call last):
  File "C:\Users\Admin\PycharmProjects\djan_itog\venv\Lib\site-packages\django\core\handlers\exception.py", line 56, in inner
    response = get_response(request)
               ^^^^^^^^^^^^^^^^^^^^^
  File "C:\Users\Admin\PycharmProjects\djan_itog\venv\Lib\site-packages\django\core\handlers\base.py", line 197, in _get_response
    response = wrapped_callback(request, *callback_args, **callback_kwargs)
               ^^^^^^^^^^^^^^^^^^^^^^^^^^^^^^^^^^^^^^^^^^^^^^^^^^^^^^^^^^^^
  File "C:\Users\Admin\PycharmProjects\djan_itog\react_frontend\views.py", line 5, in index
    return render(request, 'react_frontend/index.html')
           ^^^^^^^^^^^^^^^^^^^^^^^^^^^^^^^^^^^^^^^^^^^^
  File "C:\Users\Admin\PycharmProjects\djan_itog\venv\Lib\site-packages\django\shortcuts.py", line 24, in render
    content = loader.render_to_string(template_name, context, request, using=using)
              ^^^^^^^^^^^^^^^^^^^^^^^^^^^^^^^^^^^^^^^^^^^^^^^^^^^^^^^^^^^^^^^^^^^^^
  File "C:\Users\Admin\PycharmProjects\djan_itog\venv\Lib\site-packages\django\template\loader.py", line 61, in render_to_string
    template = get_template(template_name, using=using)
               ^^^^^^^^^^^^^^^^^^^^^^^^^^^^^^^^^^^^^^^^
  File "C:\Users\Admin\PycharmProjects\djan_itog\venv\Lib\site-packages\django\template\loader.py", line 19, in get_template
    raise TemplateDoesNotExist(template_name, chain=chain)
django.template.exceptions.TemplateDoesNotExist: react_frontend/index.html
DEBUG 2023-03-18 23:49:18,616 utils 11712 5268 (0.000) SELECT "django_session"."session_key", "django_session"."session_data", "django_session"."expire_date" FROM "django_session" WHERE ("django_session"."expire_date" > '2023-03-18T20:49:18.584666+00:00'::timestamptz AND "django_session"."session_key" = 'qof6ddbt6ntlalcymm7y6d08snult836') LIMIT 21; args=(datetime.datetime(2023, 3, 18, 20, 49, 18, 584666, tzinfo=datetime.timezone.utc), 'qof6ddbt6ntlalcymm7y6d08snult836'); alias=default
DEBUG 2023-03-18 23:49:18,616 utils 11712 5268 (0.000) SELECT "django_session"."session_key", "django_session"."session_data", "django_session"."expire_date" FROM "django_session" WHERE ("django_session"."expire_date" > '2023-03-18T20:49:18.584666+00:00'::timestamptz AND "django_session"."session_key" = 'qof6ddbt6ntlalcymm7y6d08snult836') LIMIT 21; args=(datetime.datetime(2023, 3, 18, 20, 49, 18, 584666, tzinfo=datetime.timezone.utc), 'qof6ddbt6ntlalcymm7y6d08snult836'); alias=default
DEBUG 2023-03-18 23:49:18,617 utils 11712 5268 (0.016) SELECT "auth_user"."id", "auth_user"."password", "auth_user"."last_login", "auth_user"."is_superuser", "auth_user"."username", "auth_user"."first_name", "auth_user"."last_name", "auth_user"."email", "auth_user"."is_staff", "auth_user"."is_active", "auth_user"."date_joined" FROM "auth_user" WHERE "auth_user"."id" = 2 LIMIT 21; args=(2,); alias=default
DEBUG 2023-03-18 23:49:18,617 utils 11712 5268 (0.016) SELECT "auth_user"."id", "auth_user"."password", "auth_user"."last_login", "auth_user"."is_superuser", "auth_user"."username", "auth_user"."first_name", "auth_user"."last_name", "auth_user"."email", "auth_user"."is_staff", "auth_user"."is_active", "auth_user"."date_joined" FROM "auth_user" WHERE "auth_user"."id" = 2 LIMIT 21; args=(2,); alias=default
DEBUG 2023-03-18 23:49:18,647 utils 11712 5268 (0.000) SELECT "django_admin_log"."id", "django_admin_log"."action_time", "django_admin_log"."user_id", "django_admin_log"."content_type_id", "django_admin_log"."object_id", "django_admin_log"."object_repr", "django_admin_log"."action_flag", "django_admin_log"."change_message", "auth_user"."id", "auth_user"."password", "auth_user"."last_login", "auth_user"."is_superuser", "auth_user"."username", "auth_user"."first_name", "auth_user"."last_name", "auth_user"."email", "auth_user"."is_staff", "auth_user"."is_active", "auth_user"."date_joined", "django_content_type"."id", "django_content_type"."app_label", "django_content_type"."model" FROM "django_admin_log" INNER JOIN "auth_user" ON ("django_admin_log"."user_id" = "auth_user"."id") LEFT OUTER JOIN "django_content_type" ON ("django_admin_log"."content_type_id" = "django_content_type"."id") WHERE "django_admin_log"."user_id" = 2 ORDER BY "django_admin_log"."action_time" DESC LIMIT 10; args=(2,); alias=default
DEBUG 2023-03-18 23:49:18,647 utils 11712 5268 (0.000) SELECT "django_admin_log"."id", "django_admin_log"."action_time", "django_admin_log"."user_id", "django_admin_log"."content_type_id", "django_admin_log"."object_id", "django_admin_log"."object_repr", "django_admin_log"."action_flag", "django_admin_log"."change_message", "auth_user"."id", "auth_user"."password", "auth_user"."last_login", "auth_user"."is_superuser", "auth_user"."username", "auth_user"."first_name", "auth_user"."last_name", "auth_user"."email", "auth_user"."is_staff", "auth_user"."is_active", "auth_user"."date_joined", "django_content_type"."id", "django_content_type"."app_label", "django_content_type"."model" FROM "django_admin_log" INNER JOIN "auth_user" ON ("django_admin_log"."user_id" = "auth_user"."id") LEFT OUTER JOIN "django_content_type" ON ("django_admin_log"."content_type_id" = "django_content_type"."id") WHERE "django_admin_log"."user_id" = 2 ORDER BY "django_admin_log"."action_time" DESC LIMIT 10; args=(2,); alias=default
DEBUG 2023-03-18 23:49:24,351 utils 11712 9572 (0.000) SELECT "django_session"."session_key", "django_session"."session_data", "django_session"."expire_date" FROM "django_session" WHERE ("django_session"."expire_date" > '2023-03-18T20:49:24.322351+00:00'::timestamptz AND "django_session"."session_key" = 'qof6ddbt6ntlalcymm7y6d08snult836') LIMIT 21; args=(datetime.datetime(2023, 3, 18, 20, 49, 24, 322351, tzinfo=datetime.timezone.utc), 'qof6ddbt6ntlalcymm7y6d08snult836'); alias=default
DEBUG 2023-03-18 23:49:24,351 utils 11712 9572 (0.000) SELECT "django_session"."session_key", "django_session"."session_data", "django_session"."expire_date" FROM "django_session" WHERE ("django_session"."expire_date" > '2023-03-18T20:49:24.322351+00:00'::timestamptz AND "django_session"."session_key" = 'qof6ddbt6ntlalcymm7y6d08snult836') LIMIT 21; args=(datetime.datetime(2023, 3, 18, 20, 49, 24, 322351, tzinfo=datetime.timezone.utc), 'qof6ddbt6ntlalcymm7y6d08snult836'); alias=default
DEBUG 2023-03-18 23:49:24,352 utils 11712 9572 (0.000) SELECT "auth_user"."id", "auth_user"."password", "auth_user"."last_login", "auth_user"."is_superuser", "auth_user"."username", "auth_user"."first_name", "auth_user"."last_name", "auth_user"."email", "auth_user"."is_staff", "auth_user"."is_active", "auth_user"."date_joined" FROM "auth_user" WHERE "auth_user"."id" = 2 LIMIT 21; args=(2,); alias=default
DEBUG 2023-03-18 23:49:24,352 utils 11712 9572 (0.000) SELECT "auth_user"."id", "auth_user"."password", "auth_user"."last_login", "auth_user"."is_superuser", "auth_user"."username", "auth_user"."first_name", "auth_user"."last_name", "auth_user"."email", "auth_user"."is_staff", "auth_user"."is_active", "auth_user"."date_joined" FROM "auth_user" WHERE "auth_user"."id" = 2 LIMIT 21; args=(2,); alias=default
DEBUG 2023-03-18 23:49:24,357 utils 11712 9572 (0.000) SELECT "django_admin_log"."id", "django_admin_log"."action_time", "django_admin_log"."user_id", "django_admin_log"."content_type_id", "django_admin_log"."object_id", "django_admin_log"."object_repr", "django_admin_log"."action_flag", "django_admin_log"."change_message", "auth_user"."id", "auth_user"."password", "auth_user"."last_login", "auth_user"."is_superuser", "auth_user"."username", "auth_user"."first_name", "auth_user"."last_name", "auth_user"."email", "auth_user"."is_staff", "auth_user"."is_active", "auth_user"."date_joined", "django_content_type"."id", "django_content_type"."app_label", "django_content_type"."model" FROM "django_admin_log" INNER JOIN "auth_user" ON ("django_admin_log"."user_id" = "auth_user"."id") LEFT OUTER JOIN "django_content_type" ON ("django_admin_log"."content_type_id" = "django_content_type"."id") WHERE "django_admin_log"."user_id" = 2 ORDER BY "django_admin_log"."action_time" DESC LIMIT 10; args=(2,); alias=default
DEBUG 2023-03-18 23:49:24,357 utils 11712 9572 (0.000) SELECT "django_admin_log"."id", "django_admin_log"."action_time", "django_admin_log"."user_id", "django_admin_log"."content_type_id", "django_admin_log"."object_id", "django_admin_log"."object_repr", "django_admin_log"."action_flag", "django_admin_log"."change_message", "auth_user"."id", "auth_user"."password", "auth_user"."last_login", "auth_user"."is_superuser", "auth_user"."username", "auth_user"."first_name", "auth_user"."last_name", "auth_user"."email", "auth_user"."is_staff", "auth_user"."is_active", "auth_user"."date_joined", "django_content_type"."id", "django_content_type"."app_label", "django_content_type"."model" FROM "django_admin_log" INNER JOIN "auth_user" ON ("django_admin_log"."user_id" = "auth_user"."id") LEFT OUTER JOIN "django_content_type" ON ("django_admin_log"."content_type_id" = "django_content_type"."id") WHERE "django_admin_log"."user_id" = 2 ORDER BY "django_admin_log"."action_time" DESC LIMIT 10; args=(2,); alias=default
DEBUG 2023-03-18 23:49:29,178 utils 11712 9572 (0.000) SELECT "django_session"."session_key", "django_session"."session_data", "django_session"."expire_date" FROM "django_session" WHERE ("django_session"."expire_date" > '2023-03-18T20:49:29.153345+00:00'::timestamptz AND "django_session"."session_key" = 'qof6ddbt6ntlalcymm7y6d08snult836') LIMIT 21; args=(datetime.datetime(2023, 3, 18, 20, 49, 29, 153345, tzinfo=datetime.timezone.utc), 'qof6ddbt6ntlalcymm7y6d08snult836'); alias=default
DEBUG 2023-03-18 23:49:29,178 utils 11712 9572 (0.000) SELECT "django_session"."session_key", "django_session"."session_data", "django_session"."expire_date" FROM "django_session" WHERE ("django_session"."expire_date" > '2023-03-18T20:49:29.153345+00:00'::timestamptz AND "django_session"."session_key" = 'qof6ddbt6ntlalcymm7y6d08snult836') LIMIT 21; args=(datetime.datetime(2023, 3, 18, 20, 49, 29, 153345, tzinfo=datetime.timezone.utc), 'qof6ddbt6ntlalcymm7y6d08snult836'); alias=default
DEBUG 2023-03-18 23:49:29,178 utils 11712 9572 (0.000) SELECT "auth_user"."id", "auth_user"."password", "auth_user"."last_login", "auth_user"."is_superuser", "auth_user"."username", "auth_user"."first_name", "auth_user"."last_name", "auth_user"."email", "auth_user"."is_staff", "auth_user"."is_active", "auth_user"."date_joined" FROM "auth_user" WHERE "auth_user"."id" = 2 LIMIT 21; args=(2,); alias=default
DEBUG 2023-03-18 23:49:29,178 utils 11712 9572 (0.000) SELECT "auth_user"."id", "auth_user"."password", "auth_user"."last_login", "auth_user"."is_superuser", "auth_user"."username", "auth_user"."first_name", "auth_user"."last_name", "auth_user"."email", "auth_user"."is_staff", "auth_user"."is_active", "auth_user"."date_joined" FROM "auth_user" WHERE "auth_user"."id" = 2 LIMIT 21; args=(2,); alias=default
ERROR 2023-03-18 23:49:29,189 log 11712 9572 Internal Server Error: /
DEBUG 2023-03-18 23:49:37,642 utils 11712 9572 (0.000) SELECT "django_session"."session_key", "django_session"."session_data", "django_session"."expire_date" FROM "django_session" WHERE ("django_session"."expire_date" > '2023-03-18T20:49:37.614316+00:00'::timestamptz AND "django_session"."session_key" = 'qof6ddbt6ntlalcymm7y6d08snult836') LIMIT 21; args=(datetime.datetime(2023, 3, 18, 20, 49, 37, 614316, tzinfo=datetime.timezone.utc), 'qof6ddbt6ntlalcymm7y6d08snult836'); alias=default
DEBUG 2023-03-18 23:49:37,642 utils 11712 9572 (0.000) SELECT "django_session"."session_key", "django_session"."session_data", "django_session"."expire_date" FROM "django_session" WHERE ("django_session"."expire_date" > '2023-03-18T20:49:37.614316+00:00'::timestamptz AND "django_session"."session_key" = 'qof6ddbt6ntlalcymm7y6d08snult836') LIMIT 21; args=(datetime.datetime(2023, 3, 18, 20, 49, 37, 614316, tzinfo=datetime.timezone.utc), 'qof6ddbt6ntlalcymm7y6d08snult836'); alias=default
DEBUG 2023-03-18 23:49:37,643 utils 11712 9572 (0.000) SELECT "auth_user"."id", "auth_user"."password", "auth_user"."last_login", "auth_user"."is_superuser", "auth_user"."username", "auth_user"."first_name", "auth_user"."last_name", "auth_user"."email", "auth_user"."is_staff", "auth_user"."is_active", "auth_user"."date_joined" FROM "auth_user" WHERE "auth_user"."id" = 2 LIMIT 21; args=(2,); alias=default
DEBUG 2023-03-18 23:49:37,643 utils 11712 9572 (0.000) SELECT "auth_user"."id", "auth_user"."password", "auth_user"."last_login", "auth_user"."is_superuser", "auth_user"."username", "auth_user"."first_name", "auth_user"."last_name", "auth_user"."email", "auth_user"."is_staff", "auth_user"."is_active", "auth_user"."date_joined" FROM "auth_user" WHERE "auth_user"."id" = 2 LIMIT 21; args=(2,); alias=default
INFO 2023-03-18 23:52:10,319 autoreload 11712 4796 C:\Users\Admin\PycharmProjects\djan_itog\djan_itog\urls.py changed, reloading.
INFO 2023-03-18 23:52:10,676 autoreload 4276 8180 Watching for file changes with StatReloader
DEBUG 2023-03-18 23:52:10,811 utils 4276 11224 (0.000) 
            SELECT
                c.relname,
                CASE
                    WHEN c.relispartition THEN 'p'
                    WHEN c.relkind IN ('m', 'v') THEN 'v'
                    ELSE 't'
                END
            FROM pg_catalog.pg_class c
            LEFT JOIN pg_catalog.pg_namespace n ON n.oid = c.relnamespace
            WHERE c.relkind IN ('f', 'm', 'p', 'r', 'v')
                AND n.nspname NOT IN ('pg_catalog', 'pg_toast')
                AND pg_catalog.pg_table_is_visible(c.oid)
        ; args=None; alias=default
DEBUG 2023-03-18 23:52:10,811 utils 4276 11224 (0.000) 
            SELECT
                c.relname,
                CASE
                    WHEN c.relispartition THEN 'p'
                    WHEN c.relkind IN ('m', 'v') THEN 'v'
                    ELSE 't'
                END
            FROM pg_catalog.pg_class c
            LEFT JOIN pg_catalog.pg_namespace n ON n.oid = c.relnamespace
            WHERE c.relkind IN ('f', 'm', 'p', 'r', 'v')
                AND n.nspname NOT IN ('pg_catalog', 'pg_toast')
                AND pg_catalog.pg_table_is_visible(c.oid)
        ; args=None; alias=default
DEBUG 2023-03-18 23:52:10,813 utils 4276 11224 (0.000) SELECT "django_migrations"."id", "django_migrations"."app", "django_migrations"."name", "django_migrations"."applied" FROM "django_migrations"; args=(); alias=default
DEBUG 2023-03-18 23:52:10,813 utils 4276 11224 (0.000) SELECT "django_migrations"."id", "django_migrations"."app", "django_migrations"."name", "django_migrations"."applied" FROM "django_migrations"; args=(); alias=default
DEBUG 2023-03-18 23:52:18,612 utils 4276 8656 (0.000) SELECT "django_session"."session_key", "django_session"."session_data", "django_session"."expire_date" FROM "django_session" WHERE ("django_session"."expire_date" > '2023-03-18T20:52:18.589390+00:00'::timestamptz AND "django_session"."session_key" = 'qof6ddbt6ntlalcymm7y6d08snult836') LIMIT 21; args=(datetime.datetime(2023, 3, 18, 20, 52, 18, 589390, tzinfo=datetime.timezone.utc), 'qof6ddbt6ntlalcymm7y6d08snult836'); alias=default
DEBUG 2023-03-18 23:52:18,612 utils 4276 8656 (0.000) SELECT "django_session"."session_key", "django_session"."session_data", "django_session"."expire_date" FROM "django_session" WHERE ("django_session"."expire_date" > '2023-03-18T20:52:18.589390+00:00'::timestamptz AND "django_session"."session_key" = 'qof6ddbt6ntlalcymm7y6d08snult836') LIMIT 21; args=(datetime.datetime(2023, 3, 18, 20, 52, 18, 589390, tzinfo=datetime.timezone.utc), 'qof6ddbt6ntlalcymm7y6d08snult836'); alias=default
DEBUG 2023-03-18 23:52:18,613 utils 4276 8656 (0.000) SELECT "auth_user"."id", "auth_user"."password", "auth_user"."last_login", "auth_user"."is_superuser", "auth_user"."username", "auth_user"."first_name", "auth_user"."last_name", "auth_user"."email", "auth_user"."is_staff", "auth_user"."is_active", "auth_user"."date_joined" FROM "auth_user" WHERE "auth_user"."id" = 2 LIMIT 21; args=(2,); alias=default
DEBUG 2023-03-18 23:52:18,613 utils 4276 8656 (0.000) SELECT "auth_user"."id", "auth_user"."password", "auth_user"."last_login", "auth_user"."is_superuser", "auth_user"."username", "auth_user"."first_name", "auth_user"."last_name", "auth_user"."email", "auth_user"."is_staff", "auth_user"."is_active", "auth_user"."date_joined" FROM "auth_user" WHERE "auth_user"."id" = 2 LIMIT 21; args=(2,); alias=default
ERROR 2023-03-18 23:52:18,625 log 4276 8656 Internal Server Error: /app
Traceback (most recent call last):
  File "C:\Users\Admin\PycharmProjects\djan_itog\venv\Lib\site-packages\django\template\loader.py", line 19, in get_template
    raise TemplateDoesNotExist(template_name, chain=chain)
django.template.exceptions.TemplateDoesNotExist: react_frontend/index.html
WARNING 2023-03-18 23:52:22,758 log 4276 8656 Not Found: /
INFO 2023-03-18 23:53:07,824 autoreload 4276 8180 C:\Users\Admin\PycharmProjects\djan_itog\task_m\views.py changed, reloading.
